<?xml version="1.0" encoding="UTF-8"?>
<robot generator="Robot 3.2.2 (Python 3.6.8 on win32)" generated="20200910 13:24:05.185" rpa="false">
<suite id="s1" name="Amazon" source="C:\Users\Daniela Vignau\Documents\Robot Framework - L1\first-script\tests\amazon.robot">
<test id="s1-t1" name="User must sign in to check out">
<kw name="Open Browser" library="SeleniumLibrary">
<doc>Opens a new browser instance to the optional ``url``.</doc>
<arguments>
<arg>https://www.mercadolibre.com.mx/</arg>
<arg>chrome</arg>
</arguments>
<msg timestamp="20200910 13:24:05.390" level="INFO">Opening browser 'chrome' to base url 'https://www.mercadolibre.com.mx/'.</msg>
<status status="PASS" starttime="20200910 13:24:05.390" endtime="20200910 13:24:09.943"></status>
</kw>
<kw name="Maximize Browser Window" library="SeleniumLibrary">
<doc>Maximizes current browser window.</doc>
<status status="PASS" starttime="20200910 13:24:09.944" endtime="20200910 13:24:12.131"></status>
</kw>
<kw name="Wait Until Page Contains" library="SeleniumLibrary">
<doc>Waits until ``text`` appears on the current page.</doc>
<arguments>
<arg>Ingresa tu código postal</arg>
</arguments>
<status status="PASS" starttime="20200910 13:24:12.131" endtime="20200910 13:24:12.149"></status>
</kw>
<kw name="Click Link" library="SeleniumLibrary">
<doc>Clicks a link identified by ``locator``.</doc>
<arguments>
<arg>xpath=//*[@id="root-app"]/div/section[2]/div/div/div[2]/a</arg>
</arguments>
<msg timestamp="20200910 13:24:12.151" level="INFO">Clicking link 'xpath=//*[@id="root-app"]/div/section[2]/div/div/div[2]/a'.</msg>
<status status="PASS" starttime="20200910 13:24:12.150" endtime="20200910 13:24:13.305"></status>
</kw>
<kw name="Wait Until Page Contains" library="SeleniumLibrary">
<doc>Waits until ``text`` appears on the current page.</doc>
<arguments>
<arg>resultados</arg>
</arguments>
<status status="PASS" starttime="20200910 13:24:13.305" endtime="20200910 13:24:13.320"></status>
</kw>
<kw name="Click Link" library="SeleniumLibrary">
<doc>Clicks a link identified by ``locator``.</doc>
<arguments>
<arg>xpath=//*[@id="root-app"]/div/div/section/ol/li[1]/div/div/div[1]/a</arg>
</arguments>
<msg timestamp="20200910 13:24:13.321" level="INFO">Clicking link 'xpath=//*[@id="root-app"]/div/div/section/ol/li[1]/div/div/div[1]/a'.</msg>
<status status="PASS" starttime="20200910 13:24:13.321" endtime="20200910 13:24:14.016"></status>
</kw>
<kw name="Wait Until Page Contains" library="SeleniumLibrary">
<doc>Waits until ``text`` appears on the current page.</doc>
<arguments>
<arg>También puede interesarte</arg>
</arguments>
<status status="PASS" starttime="20200910 13:24:14.017" endtime="20200910 13:24:14.039"></status>
</kw>
<kw name="Click Link" library="SeleniumLibrary">
<doc>Clicks a link identified by ``locator``.</doc>
<arguments>
<arg>xpath=//*[@id="root-app"]/div[2]/div[3]/div[1]/div[1]/div[1]/div[2]/div[1]/div[2]/a</arg>
</arguments>
<msg timestamp="20200910 13:24:14.041" level="INFO">Clicking link 'xpath=//*[@id="root-app"]/div[2]/div[3]/div[1]/div[1]/div[1]/div[2]/div[1]/div[2]/a'.</msg>
<status status="PASS" starttime="20200910 13:24:14.040" endtime="20200910 13:24:15.236"></status>
</kw>
<kw name="Wait Until Page Contains" library="SeleniumLibrary">
<doc>Waits until ``text`` appears on the current page.</doc>
<arguments>
<arg>¡Hola!</arg>
</arguments>
<status status="PASS" starttime="20200910 13:24:15.236" endtime="20200910 13:24:15.284"></status>
</kw>
<kw name="Close Browser" library="SeleniumLibrary">
<doc>Closes the current browser.</doc>
<status status="PASS" starttime="20200910 13:24:15.285" endtime="20200910 13:24:17.437"></status>
</kw>
<doc>This is some basic info about the test</doc>
<tags>
<tag>Smoke</tag>
</tags>
<status status="PASS" starttime="20200910 13:24:05.389" endtime="20200910 13:24:17.439" critical="yes"></status>
</test>
<doc>This is some basic info about the whole suite</doc>
<status status="PASS" starttime="20200910 13:24:05.187" endtime="20200910 13:24:17.443"></status>
</suite>
<statistics>
<total>
<stat pass="1" fail="0">Critical Tests</stat>
<stat pass="1" fail="0">All Tests</stat>
</total>
<tag>
<stat pass="1" fail="0">Smoke</stat>
</tag>
<suite>
<stat pass="1" fail="0" id="s1" name="Amazon">Amazon</stat>
</suite>
</statistics>
<errors>
</errors>
</robot>
