<?xml version="1.0" encoding="UTF-8"?>
<robot generator="Robot 3.2.2 (Python 3.6.8 on win32)" generated="20200911 13:32:12.742" rpa="false">
<suite id="s1" name="Amazon" source="C:\Users\Daniela Vignau\Documents\Robot Framework - L1\second-script\tests\Amazon.robot">
<kw name="Insert Testing Data" library="Common" type="setup">
<kw name="Custom Keyword 1" library="Common">
<kw name="Log" library="BuiltIn">
<doc>Logs the given message with the given level.</doc>
<arguments>
<arg>Doing keyword 1</arg>
</arguments>
<msg timestamp="20200911 13:32:13.130" level="INFO">Doing keyword 1</msg>
<status status="PASS" starttime="20200911 13:32:13.129" endtime="20200911 13:32:13.130"></status>
</kw>
<status status="PASS" starttime="20200911 13:32:13.129" endtime="20200911 13:32:13.131"></status>
</kw>
<kw name="Custom Keyword 2" library="Common">
<kw name="Log" library="BuiltIn">
<doc>Logs the given message with the given level.</doc>
<arguments>
<arg>Doing keyword 2</arg>
</arguments>
<msg timestamp="20200911 13:32:13.131" level="INFO">Doing keyword 2</msg>
<status status="PASS" starttime="20200911 13:32:13.131" endtime="20200911 13:32:13.132"></status>
</kw>
<status status="PASS" starttime="20200911 13:32:13.131" endtime="20200911 13:32:13.132"></status>
</kw>
<status status="PASS" starttime="20200911 13:32:13.129" endtime="20200911 13:32:13.132"></status>
</kw>
<test id="s1-t1" name="User should not be able to sign in with invalid credentials">
<kw name="Begin Web Test" library="Common" type="setup">
<kw name="Open Browser" library="SeleniumLibrary">
<doc>Opens a new browser instance to the optional ``url``.</doc>
<arguments>
<arg>about:blank</arg>
<arg>${BROWSER}</arg>
</arguments>
<msg timestamp="20200911 13:32:13.135" level="INFO">Opening browser 'gc' to base url 'about:blank'.</msg>
<status status="PASS" starttime="20200911 13:32:13.134" endtime="20200911 13:32:16.587"></status>
</kw>
<kw name="Maximize Browser Window" library="SeleniumLibrary">
<doc>Maximizes current browser window.</doc>
<status status="PASS" starttime="20200911 13:32:16.587" endtime="20200911 13:32:18.755"></status>
</kw>
<status status="PASS" starttime="20200911 13:32:13.133" endtime="20200911 13:32:18.755"></status>
</kw>
<kw name="Begin checkout" library="AmazonApp">
<arguments>
<arg>${WRONG_USERNAME_PASSWORD}</arg>
</arguments>
<kw name="Load Sign In Page" library="ProceedToCheckout">
<kw name="Click Element" library="SeleniumLibrary">
<doc>Click the element identified by ``locator``.</doc>
<arguments>
<arg>${PROCEED_BTN}</arg>
</arguments>
<msg timestamp="20200911 13:32:18.757" level="INFO">Clicking element 'xpath=//*[@id="hlb-ptc-btn-native"]'.</msg>
<kw name="Capture Page Screenshot" library="SeleniumLibrary">
<doc>Takes a screenshot of the current page and embeds it into a log file.</doc>
<msg timestamp="20200911 13:32:19.139" level="INFO" html="yes">&lt;/td&gt;&lt;/tr&gt;&lt;tr&gt;&lt;td colspan="3"&gt;&lt;a href="selenium-screenshot-1.png"&gt;&lt;img src="selenium-screenshot-1.png" width="800px"&gt;&lt;/a&gt;</msg>
<status status="PASS" starttime="20200911 13:32:18.778" endtime="20200911 13:32:19.139"></status>
</kw>
<msg timestamp="20200911 13:32:19.141" level="FAIL">Element with locator 'xpath=//*[@id="hlb-ptc-btn-native"]' not found.</msg>
<status status="FAIL" starttime="20200911 13:32:18.757" endtime="20200911 13:32:19.141"></status>
</kw>
<status status="FAIL" starttime="20200911 13:32:18.757" endtime="20200911 13:32:19.141"></status>
</kw>
<status status="FAIL" starttime="20200911 13:32:18.757" endtime="20200911 13:32:19.141"></status>
</kw>
<kw name="End Web Test" library="Common" type="teardown">
<kw name="Close Browser" library="SeleniumLibrary">
<doc>Closes the current browser.</doc>
<status status="PASS" starttime="20200911 13:32:19.145" endtime="20200911 13:32:22.478"></status>
</kw>
<status status="PASS" starttime="20200911 13:32:19.145" endtime="20200911 13:32:22.479"></status>
</kw>
<tags>
<tag>Testing</tag>
</tags>
<status status="FAIL" starttime="20200911 13:32:13.132" endtime="20200911 13:32:22.480" critical="yes">Element with locator 'xpath=//*[@id="hlb-ptc-btn-native"]' not found.</status>
</test>
<kw name="Cleanup Testing Data" library="Common" type="teardown">
<kw name="Log" library="BuiltIn">
<doc>Logs the given message with the given level.</doc>
<arguments>
<arg>I am cleaning up the test data</arg>
</arguments>
<msg timestamp="20200911 13:32:22.488" level="INFO">I am cleaning up the test data</msg>
<status status="PASS" starttime="20200911 13:32:22.487" endtime="20200911 13:32:22.488"></status>
</kw>
<status status="PASS" starttime="20200911 13:32:22.487" endtime="20200911 13:32:22.488"></status>
</kw>
<status status="FAIL" starttime="20200911 13:32:12.744" endtime="20200911 13:32:22.488"></status>
</suite>
<statistics>
<total>
<stat pass="0" fail="1">Critical Tests</stat>
<stat pass="0" fail="1">All Tests</stat>
</total>
<tag>
<stat pass="0" fail="1">Testing</stat>
</tag>
<suite>
<stat pass="0" fail="1" id="s1" name="Amazon">Amazon</stat>
</suite>
</statistics>
<errors>
</errors>
</robot>
