<?xml version="1.0" encoding="UTF-8"?>
<robot generator="Robot 3.2.2 (Python 3.6.8 on win32)" generated="20200914 09:39:57.721" rpa="false">
<suite id="s1" name="Operating System" source="C:\Users\Daniela Vignau\Documents\Robot Framework - L1\explore-libraries\tests\operating_system.robot">
<test id="s1-t1" name="Create Some Directories">
<kw name="Create the Base Directory" library="OS">
<kw name="Create Directory" library="OperatingSystem">
<doc>Creates the specified directory.</doc>
<arguments>
<arg>${output_directory}</arg>
</arguments>
<msg timestamp="20200914 09:39:57.796" level="INFO" html="yes">Created directory '&lt;a href="file://C:\Users\Daniela Vignau\Documents\Robot Framework - L1\explore-libraries\Outputs"&gt;C:\Users\Daniela Vignau\Documents\Robot Framework - L1\explore-libraries\Outputs&lt;/a&gt;'.</msg>
<status status="PASS" starttime="20200914 09:39:57.794" endtime="20200914 09:39:57.796"></status>
</kw>
<kw name="Should Exist" library="OperatingSystem">
<doc>Fails unless the given path (file or directory) exists.</doc>
<arguments>
<arg>${output_directory}</arg>
</arguments>
<msg timestamp="20200914 09:39:57.797" level="INFO" html="yes">Path '&lt;a href="file://C:\Users\Daniela Vignau\Documents\Robot Framework - L1\explore-libraries\Outputs"&gt;C:\Users\Daniela Vignau\Documents\Robot Framework - L1\explore-libraries\Outputs&lt;/a&gt;' exists.</msg>
<status status="PASS" starttime="20200914 09:39:57.796" endtime="20200914 09:39:57.797"></status>
</kw>
<status status="PASS" starttime="20200914 09:39:57.793" endtime="20200914 09:39:57.797"></status>
</kw>
<kw name="Create Directory 1" library="OS">
<kw name="Join Path" library="OperatingSystem">
<doc>Joins the given path part(s) to the given base path.</doc>
<arguments>
<arg>${output_directory}</arg>
<arg>${directory_1}</arg>
</arguments>
<assign>
<var>${directory_path}</var>
</assign>
<msg timestamp="20200914 09:39:57.798" level="INFO">${directory_path} = Outputs\first directory</msg>
<status status="PASS" starttime="20200914 09:39:57.797" endtime="20200914 09:39:57.798"></status>
</kw>
<kw name="Create Directory" library="OperatingSystem">
<doc>Creates the specified directory.</doc>
<arguments>
<arg>${directory_path}</arg>
</arguments>
<msg timestamp="20200914 09:39:57.800" level="INFO" html="yes">Created directory '&lt;a href="file://C:\Users\Daniela Vignau\Documents\Robot Framework - L1\explore-libraries\Outputs\first directory"&gt;C:\Users\Daniela Vignau\Documents\Robot Framework - L1\explore-libraries\Outputs\first directory&lt;/a&gt;'.</msg>
<status status="PASS" starttime="20200914 09:39:57.798" endtime="20200914 09:39:57.800"></status>
</kw>
<kw name="Should Exist" library="OperatingSystem">
<doc>Fails unless the given path (file or directory) exists.</doc>
<arguments>
<arg>${directory_path}</arg>
</arguments>
<msg timestamp="20200914 09:39:57.801" level="INFO" html="yes">Path '&lt;a href="file://C:\Users\Daniela Vignau\Documents\Robot Framework - L1\explore-libraries\Outputs\first directory"&gt;C:\Users\Daniela Vignau\Documents\Robot Framework - L1\explore-libraries\Outputs\first directory&lt;/a&gt;' exists.</msg>
<status status="PASS" starttime="20200914 09:39:57.800" endtime="20200914 09:39:57.801"></status>
</kw>
<status status="PASS" starttime="20200914 09:39:57.797" endtime="20200914 09:39:57.801"></status>
</kw>
<kw name="Create Directory 2" library="OS">
<kw name="Join Path" library="OperatingSystem">
<doc>Joins the given path part(s) to the given base path.</doc>
<arguments>
<arg>${output_directory}</arg>
<arg>${directory_2}</arg>
</arguments>
<assign>
<var>${directory_path}</var>
</assign>
<msg timestamp="20200914 09:39:57.803" level="INFO">${directory_path} = Outputs\second directory</msg>
<status status="PASS" starttime="20200914 09:39:57.802" endtime="20200914 09:39:57.803"></status>
</kw>
<kw name="Create Directory" library="OperatingSystem">
<doc>Creates the specified directory.</doc>
<arguments>
<arg>${directory_path}</arg>
</arguments>
<msg timestamp="20200914 09:39:57.804" level="INFO" html="yes">Created directory '&lt;a href="file://C:\Users\Daniela Vignau\Documents\Robot Framework - L1\explore-libraries\Outputs\second directory"&gt;C:\Users\Daniela Vignau\Documents\Robot Framework - L1\explore-libraries\Outputs\second directory&lt;/a&gt;'.</msg>
<status status="PASS" starttime="20200914 09:39:57.803" endtime="20200914 09:39:57.805"></status>
</kw>
<kw name="Should Exist" library="OperatingSystem">
<doc>Fails unless the given path (file or directory) exists.</doc>
<arguments>
<arg>${directory_path}</arg>
</arguments>
<msg timestamp="20200914 09:39:57.805" level="INFO" html="yes">Path '&lt;a href="file://C:\Users\Daniela Vignau\Documents\Robot Framework - L1\explore-libraries\Outputs\second directory"&gt;C:\Users\Daniela Vignau\Documents\Robot Framework - L1\explore-libraries\Outputs\second directory&lt;/a&gt;' exists.</msg>
<status status="PASS" starttime="20200914 09:39:57.805" endtime="20200914 09:39:57.806"></status>
</kw>
<status status="PASS" starttime="20200914 09:39:57.802" endtime="20200914 09:39:57.806"></status>
</kw>
<tags>
<tag>OperatingSystem</tag>
</tags>
<status status="PASS" starttime="20200914 09:39:57.792" endtime="20200914 09:39:57.807" critical="yes"></status>
</test>
<test id="s1-t2" name="Create Some Files">
<kw name="Create the First File" library="OS">
<kw name="Join Path" library="OperatingSystem">
<doc>Joins the given path part(s) to the given base path.</doc>
<arguments>
<arg>${output_directory}</arg>
<arg>${directory_1}</arg>
<arg>${file_1}</arg>
</arguments>
<assign>
<var>${file_path}</var>
</assign>
<msg timestamp="20200914 09:39:57.811" level="INFO">${file_path} = Outputs\first directory\first file.txt</msg>
<status status="PASS" starttime="20200914 09:39:57.811" endtime="20200914 09:39:57.811"></status>
</kw>
<kw name="Create File" library="OperatingSystem">
<doc>Creates a file with the given content and encoding.</doc>
<arguments>
<arg>${file_path}</arg>
<arg>This is some text in file one!</arg>
</arguments>
<msg timestamp="20200914 09:39:57.814" level="INFO" html="yes">Created file '&lt;a href="file://C:\Users\Daniela Vignau\Documents\Robot Framework - L1\explore-libraries\Outputs\first directory\first file.txt"&gt;C:\Users\Daniela Vignau\Documents\Robot Framework - L1\explore-libraries\Outputs\first directory\first file.txt&lt;/a&gt;'.</msg>
<status status="PASS" starttime="20200914 09:39:57.811" endtime="20200914 09:39:57.814"></status>
</kw>
<kw name="Should Exist" library="OperatingSystem">
<doc>Fails unless the given path (file or directory) exists.</doc>
<arguments>
<arg>${file_path}</arg>
</arguments>
<msg timestamp="20200914 09:39:57.815" level="INFO" html="yes">Path '&lt;a href="file://C:\Users\Daniela Vignau\Documents\Robot Framework - L1\explore-libraries\Outputs\first directory\first file.txt"&gt;C:\Users\Daniela Vignau\Documents\Robot Framework - L1\explore-libraries\Outputs\first directory\first file.txt&lt;/a&gt;' exists.</msg>
<status status="PASS" starttime="20200914 09:39:57.814" endtime="20200914 09:39:57.815"></status>
</kw>
<status status="PASS" starttime="20200914 09:39:57.810" endtime="20200914 09:39:57.816"></status>
</kw>
<kw name="Create the Second File" library="OS">
<kw name="Join Path" library="OperatingSystem">
<doc>Joins the given path part(s) to the given base path.</doc>
<arguments>
<arg>${output_directory}</arg>
<arg>${directory_2}</arg>
<arg>${file_2}</arg>
</arguments>
<assign>
<var>${file_path}</var>
</assign>
<msg timestamp="20200914 09:39:57.823" level="INFO">${file_path} = Outputs\second directory\second file.txt</msg>
<status status="PASS" starttime="20200914 09:39:57.823" endtime="20200914 09:39:57.823"></status>
</kw>
<kw name="Create File" library="OperatingSystem">
<doc>Creates a file with the given content and encoding.</doc>
<arguments>
<arg>${file_path}</arg>
<arg>This is some text in file two!</arg>
</arguments>
<msg timestamp="20200914 09:39:57.825" level="INFO" html="yes">Created file '&lt;a href="file://C:\Users\Daniela Vignau\Documents\Robot Framework - L1\explore-libraries\Outputs\second directory\second file.txt"&gt;C:\Users\Daniela Vignau\Documents\Robot Framework - L1\explore-libraries\Outputs\second directory\second file.txt&lt;/a&gt;'.</msg>
<status status="PASS" starttime="20200914 09:39:57.824" endtime="20200914 09:39:57.826"></status>
</kw>
<kw name="Should Exist" library="OperatingSystem">
<doc>Fails unless the given path (file or directory) exists.</doc>
<arguments>
<arg>${file_path}</arg>
</arguments>
<msg timestamp="20200914 09:39:57.827" level="INFO" html="yes">Path '&lt;a href="file://C:\Users\Daniela Vignau\Documents\Robot Framework - L1\explore-libraries\Outputs\second directory\second file.txt"&gt;C:\Users\Daniela Vignau\Documents\Robot Framework - L1\explore-libraries\Outputs\second directory\second file.txt&lt;/a&gt;' exists.</msg>
<status status="PASS" starttime="20200914 09:39:57.826" endtime="20200914 09:39:57.827"></status>
</kw>
<status status="PASS" starttime="20200914 09:39:57.822" endtime="20200914 09:39:57.827"></status>
</kw>
<kw name="Create the Third File" library="OS">
<kw name="Join Path" library="OperatingSystem">
<doc>Joins the given path part(s) to the given base path.</doc>
<arguments>
<arg>${output_directory}</arg>
<arg>${directory_2}</arg>
<arg>${file_3}</arg>
</arguments>
<assign>
<var>${file_path}</var>
</assign>
<msg timestamp="20200914 09:39:57.829" level="INFO">${file_path} = Outputs\second directory\third file.txt</msg>
<status status="PASS" starttime="20200914 09:39:57.829" endtime="20200914 09:39:57.830"></status>
</kw>
<kw name="Create File" library="OperatingSystem">
<doc>Creates a file with the given content and encoding.</doc>
<arguments>
<arg>${file_path}</arg>
<arg>This is some text in file three!</arg>
</arguments>
<msg timestamp="20200914 09:39:57.832" level="INFO" html="yes">Created file '&lt;a href="file://C:\Users\Daniela Vignau\Documents\Robot Framework - L1\explore-libraries\Outputs\second directory\third file.txt"&gt;C:\Users\Daniela Vignau\Documents\Robot Framework - L1\explore-libraries\Outputs\second directory\third file.txt&lt;/a&gt;'.</msg>
<status status="PASS" starttime="20200914 09:39:57.830" endtime="20200914 09:39:57.832"></status>
</kw>
<kw name="Should Exist" library="OperatingSystem">
<doc>Fails unless the given path (file or directory) exists.</doc>
<arguments>
<arg>${file_path}</arg>
</arguments>
<msg timestamp="20200914 09:39:57.833" level="INFO" html="yes">Path '&lt;a href="file://C:\Users\Daniela Vignau\Documents\Robot Framework - L1\explore-libraries\Outputs\second directory\third file.txt"&gt;C:\Users\Daniela Vignau\Documents\Robot Framework - L1\explore-libraries\Outputs\second directory\third file.txt&lt;/a&gt;' exists.</msg>
<status status="PASS" starttime="20200914 09:39:57.832" endtime="20200914 09:39:57.833"></status>
</kw>
<status status="PASS" starttime="20200914 09:39:57.828" endtime="20200914 09:39:57.833"></status>
</kw>
<tags>
<tag>OperatingSystem</tag>
</tags>
<status status="PASS" starttime="20200914 09:39:57.809" endtime="20200914 09:39:57.839" critical="yes"></status>
</test>
<test id="s1-t3" name="Move a File">
<kw name="Move File 3 from Directory 2 to Directory 1" library="OS">
<kw name="Join Path" library="OperatingSystem">
<doc>Joins the given path part(s) to the given base path.</doc>
<arguments>
<arg>${output_directory}</arg>
<arg>${directory_2}</arg>
<arg>${file_3}</arg>
</arguments>
<assign>
<var>${source_path}</var>
</assign>
<msg timestamp="20200914 09:39:57.844" level="INFO">${source_path} = Outputs\second directory\third file.txt</msg>
<status status="PASS" starttime="20200914 09:39:57.844" endtime="20200914 09:39:57.845"></status>
</kw>
<kw name="Join Path" library="OperatingSystem">
<doc>Joins the given path part(s) to the given base path.</doc>
<arguments>
<arg>${output_directory}</arg>
<arg>${directory_1}</arg>
<arg>${file_3}</arg>
</arguments>
<assign>
<var>${target_path}</var>
</assign>
<msg timestamp="20200914 09:39:57.845" level="INFO">${target_path} = Outputs\first directory\third file.txt</msg>
<status status="PASS" starttime="20200914 09:39:57.845" endtime="20200914 09:39:57.845"></status>
</kw>
<kw name="Move File" library="OperatingSystem">
<doc>Moves the source file into the destination.</doc>
<arguments>
<arg>${source_path}</arg>
<arg>${target_path}</arg>
</arguments>
<msg timestamp="20200914 09:39:57.847" level="INFO" html="yes">Moved file from '&lt;a href="file://C:\Users\Daniela Vignau\Documents\Robot Framework - L1\explore-libraries\Outputs\second directory\third file.txt"&gt;C:\Users\Daniela Vignau\Documents\Robot Framework - L1\explore-libraries\Outputs\second directory\third file.txt&lt;/a&gt;' to '&lt;a href="file://C:\Users\Daniela Vignau\Documents\Robot Framework - L1\explore-libraries\Outputs\first directory\third file.txt"&gt;C:\Users\Daniela Vignau\Documents\Robot Framework - L1\explore-libraries\Outputs\first directory\third file.txt&lt;/a&gt;'.</msg>
<status status="PASS" starttime="20200914 09:39:57.845" endtime="20200914 09:39:57.847"></status>
</kw>
<kw name="Should Exist" library="OperatingSystem">
<doc>Fails unless the given path (file or directory) exists.</doc>
<arguments>
<arg>${target_path}</arg>
</arguments>
<msg timestamp="20200914 09:39:57.848" level="INFO" html="yes">Path '&lt;a href="file://C:\Users\Daniela Vignau\Documents\Robot Framework - L1\explore-libraries\Outputs\first directory\third file.txt"&gt;C:\Users\Daniela Vignau\Documents\Robot Framework - L1\explore-libraries\Outputs\first directory\third file.txt&lt;/a&gt;' exists.</msg>
<status status="PASS" starttime="20200914 09:39:57.847" endtime="20200914 09:39:57.848"></status>
</kw>
<kw name="Should Not Exist" library="OperatingSystem">
<doc>Fails if the given path (file or directory) exists.</doc>
<arguments>
<arg>${source_path}</arg>
</arguments>
<msg timestamp="20200914 09:39:57.849" level="INFO" html="yes">Path '&lt;a href="file://C:\Users\Daniela Vignau\Documents\Robot Framework - L1\explore-libraries\Outputs\second directory\third file.txt"&gt;C:\Users\Daniela Vignau\Documents\Robot Framework - L1\explore-libraries\Outputs\second directory\third file.txt&lt;/a&gt;' does not exist.</msg>
<status status="PASS" starttime="20200914 09:39:57.848" endtime="20200914 09:39:57.849"></status>
</kw>
<status status="PASS" starttime="20200914 09:39:57.843" endtime="20200914 09:39:57.849"></status>
</kw>
<tags>
<tag>OperatingSystem</tag>
</tags>
<status status="PASS" starttime="20200914 09:39:57.842" endtime="20200914 09:39:57.850" critical="yes"></status>
</test>
<test id="s1-t4" name="Copy a File">
<kw name="Copy File 1 from Directory 1 to Directory 2" library="OS">
<kw name="Join Path" library="OperatingSystem">
<doc>Joins the given path part(s) to the given base path.</doc>
<arguments>
<arg>${output_directory}</arg>
<arg>${directory_1}</arg>
<arg>${file_1}</arg>
</arguments>
<assign>
<var>${source_path}</var>
</assign>
<msg timestamp="20200914 09:39:57.860" level="INFO">${source_path} = Outputs\first directory\first file.txt</msg>
<status status="PASS" starttime="20200914 09:39:57.859" endtime="20200914 09:39:57.860"></status>
</kw>
<kw name="Join Path" library="OperatingSystem">
<doc>Joins the given path part(s) to the given base path.</doc>
<arguments>
<arg>${output_directory}</arg>
<arg>${directory_2}</arg>
<arg>${file_1}</arg>
</arguments>
<assign>
<var>${target_path}</var>
</assign>
<msg timestamp="20200914 09:39:57.860" level="INFO">${target_path} = Outputs\second directory\first file.txt</msg>
<status status="PASS" starttime="20200914 09:39:57.860" endtime="20200914 09:39:57.860"></status>
</kw>
<kw name="Copy File" library="OperatingSystem">
<doc>Copies the source file into the destination.</doc>
<arguments>
<arg>${source_path}</arg>
<arg>${target_path}</arg>
</arguments>
<msg timestamp="20200914 09:39:57.874" level="INFO" html="yes">Copied file from '&lt;a href="file://C:\Users\Daniela Vignau\Documents\Robot Framework - L1\explore-libraries\Outputs\first directory\first file.txt"&gt;C:\Users\Daniela Vignau\Documents\Robot Framework - L1\explore-libraries\Outputs\first directory\first file.txt&lt;/a&gt;' to '&lt;a href="file://C:\Users\Daniela Vignau\Documents\Robot Framework - L1\explore-libraries\Outputs\second directory\first file.txt"&gt;C:\Users\Daniela Vignau\Documents\Robot Framework - L1\explore-libraries\Outputs\second directory\first file.txt&lt;/a&gt;'.</msg>
<status status="PASS" starttime="20200914 09:39:57.861" endtime="20200914 09:39:57.874"></status>
</kw>
<kw name="Should Exist" library="OperatingSystem">
<doc>Fails unless the given path (file or directory) exists.</doc>
<arguments>
<arg>${source_path}</arg>
</arguments>
<msg timestamp="20200914 09:39:57.875" level="INFO" html="yes">Path '&lt;a href="file://C:\Users\Daniela Vignau\Documents\Robot Framework - L1\explore-libraries\Outputs\first directory\first file.txt"&gt;C:\Users\Daniela Vignau\Documents\Robot Framework - L1\explore-libraries\Outputs\first directory\first file.txt&lt;/a&gt;' exists.</msg>
<status status="PASS" starttime="20200914 09:39:57.874" endtime="20200914 09:39:57.875"></status>
</kw>
<kw name="Should Exist" library="OperatingSystem">
<doc>Fails unless the given path (file or directory) exists.</doc>
<arguments>
<arg>${target_path}</arg>
</arguments>
<msg timestamp="20200914 09:39:57.876" level="INFO" html="yes">Path '&lt;a href="file://C:\Users\Daniela Vignau\Documents\Robot Framework - L1\explore-libraries\Outputs\second directory\first file.txt"&gt;C:\Users\Daniela Vignau\Documents\Robot Framework - L1\explore-libraries\Outputs\second directory\first file.txt&lt;/a&gt;' exists.</msg>
<status status="PASS" starttime="20200914 09:39:57.876" endtime="20200914 09:39:57.877"></status>
</kw>
<status status="PASS" starttime="20200914 09:39:57.858" endtime="20200914 09:39:57.877"></status>
</kw>
<tags>
<tag>OperatingSystem</tag>
</tags>
<status status="PASS" starttime="20200914 09:39:57.858" endtime="20200914 09:39:57.877" critical="yes"></status>
</test>
<doc>These are some file &amp; directory tests</doc>
<status status="PASS" starttime="20200914 09:39:57.725" endtime="20200914 09:39:57.889"></status>
</suite>
<statistics>
<total>
<stat pass="4" fail="0">Critical Tests</stat>
<stat pass="4" fail="0">All Tests</stat>
</total>
<tag>
<stat pass="4" fail="0">OperatingSystem</stat>
</tag>
<suite>
<stat pass="4" fail="0" id="s1" name="Operating System">Operating System</stat>
</suite>
</statistics>
<errors>
</errors>
</robot>
