<?xml version="1.0" encoding="UTF-8"?>
<robot generator="Robot 3.2.2 (Python 3.6.8 on win32)" generated="20200911 14:40:35.835" rpa="false">
<suite id="s1" name="Client" source="C:\Users\Daniela Vignau\Documents\Robot Framework - L1\scripting-challenge\tests\Client.robot">
<test id="s1-t1" name="User should be able to access &quot;Team&quot; page">
<kw name="Begin Web Test" library="CommonWeb" type="setup">
<kw name="Open Browser" library="SeleniumLibrary">
<doc>Opens a new browser instance to the optional ``url``.</doc>
<arguments>
<arg>${URL}</arg>
<arg>${BROWSER}</arg>
</arguments>
<msg timestamp="20200911 14:40:36.093" level="INFO">Opening browser 'gc' to base url 'http://www.robotframeworktutorial.com/front-office/'.</msg>
<status status="PASS" starttime="20200911 14:40:36.092" endtime="20200911 14:40:43.243"></status>
</kw>
<kw name="Maximize Browser Window" library="SeleniumLibrary">
<doc>Maximizes current browser window.</doc>
<status status="PASS" starttime="20200911 14:40:43.243" endtime="20200911 14:40:45.418"></status>
</kw>
<status status="PASS" starttime="20200911 14:40:36.092" endtime="20200911 14:40:45.419"></status>
</kw>
<kw name="Navigate to page" library="ClientApp">
<kw name="Verify page" library="ClientApp">
<kw name="Check title" library="LandingPage">
<kw name="Wait Until Page Contains" library="SeleniumLibrary">
<doc>Waits until ``text`` appears on the current page.</doc>
<arguments>
<arg>Welcome To Our Studio!</arg>
</arguments>
<status status="PASS" starttime="20200911 14:40:45.421" endtime="20200911 14:40:45.449"></status>
</kw>
<status status="PASS" starttime="20200911 14:40:45.421" endtime="20200911 14:40:45.449"></status>
</kw>
<status status="PASS" starttime="20200911 14:40:45.420" endtime="20200911 14:40:45.450"></status>
</kw>
<kw name="Navigate to &quot;Team&quot; page" library="ClientApp">
<kw name="Select &quot;Team&quot; section" library="TopNav">
<kw name="Click Link" library="SeleniumLibrary">
<doc>Clicks a link identified by ``locator``.</doc>
<arguments>
<arg>${TEAM_LINK}</arg>
</arguments>
<msg timestamp="20200911 14:40:45.452" level="INFO">Clicking link 'xpath=//*[@id="bs-example-navbar-collapse-1"]/ul/li[5]/a'.</msg>
<status status="PASS" starttime="20200911 14:40:45.451" endtime="20200911 14:40:45.559"></status>
</kw>
<status status="PASS" starttime="20200911 14:40:45.451" endtime="20200911 14:40:45.560"></status>
</kw>
<status status="PASS" starttime="20200911 14:40:45.450" endtime="20200911 14:40:45.560"></status>
</kw>
<kw name="Verify header" library="ClientApp">
<kw name="Verify correct header" library="TeamPage">
<kw name="Wait Until Page Contains Element" library="SeleniumLibrary">
<doc>Waits until the element ``locator`` appears on the current page.</doc>
<arguments>
<arg>${TEAM_HEADER_LABEL}</arg>
</arguments>
<status status="PASS" starttime="20200911 14:40:45.561" endtime="20200911 14:40:45.579"></status>
</kw>
<status status="PASS" starttime="20200911 14:40:45.561" endtime="20200911 14:40:45.579"></status>
</kw>
<status status="PASS" starttime="20200911 14:40:45.560" endtime="20200911 14:40:45.579"></status>
</kw>
<status status="PASS" starttime="20200911 14:40:45.420" endtime="20200911 14:40:45.580"></status>
</kw>
<kw name="Sleep" library="BuiltIn">
<doc>Pauses the test executed for the given time.</doc>
<arguments>
<arg>2s</arg>
</arguments>
<msg timestamp="20200911 14:40:47.583" level="INFO">Slept 2 seconds</msg>
<status status="PASS" starttime="20200911 14:40:45.580" endtime="20200911 14:40:47.583"></status>
</kw>
<kw name="End Web Test" library="CommonWeb" type="teardown">
<kw name="Close Browser" library="SeleniumLibrary">
<doc>Closes the current browser.</doc>
<status status="PASS" starttime="20200911 14:40:47.585" endtime="20200911 14:40:49.782"></status>
</kw>
<status status="PASS" starttime="20200911 14:40:47.584" endtime="20200911 14:40:49.782"></status>
</kw>
<doc>The user should be able to access the team page</doc>
<tags>
<tag>Smoke</tag>
</tags>
<status status="PASS" starttime="20200911 14:40:36.090" endtime="20200911 14:40:49.785" critical="yes"></status>
</test>
<test id="s1-t2" name="&quot;Team&quot; page should have the correct header">
<kw name="Begin Web Test" library="CommonWeb" type="setup">
<kw name="Open Browser" library="SeleniumLibrary">
<doc>Opens a new browser instance to the optional ``url``.</doc>
<arguments>
<arg>${URL}</arg>
<arg>${BROWSER}</arg>
</arguments>
<msg timestamp="20200911 14:40:49.796" level="INFO">Opening browser 'gc' to base url 'http://www.robotframeworktutorial.com/front-office/'.</msg>
<status status="PASS" starttime="20200911 14:40:49.796" endtime="20200911 14:40:55.188"></status>
</kw>
<kw name="Maximize Browser Window" library="SeleniumLibrary">
<doc>Maximizes current browser window.</doc>
<status status="PASS" starttime="20200911 14:40:55.188" endtime="20200911 14:40:57.351"></status>
</kw>
<status status="PASS" starttime="20200911 14:40:49.795" endtime="20200911 14:40:57.352"></status>
</kw>
<kw name="Verify header" library="ClientApp">
<kw name="Verify correct header" library="TeamPage">
<kw name="Wait Until Page Contains Element" library="SeleniumLibrary">
<doc>Waits until the element ``locator`` appears on the current page.</doc>
<arguments>
<arg>${TEAM_HEADER_LABEL}</arg>
</arguments>
<status status="PASS" starttime="20200911 14:40:57.355" endtime="20200911 14:40:57.374"></status>
</kw>
<status status="PASS" starttime="20200911 14:40:57.354" endtime="20200911 14:40:57.374"></status>
</kw>
<status status="PASS" starttime="20200911 14:40:57.353" endtime="20200911 14:40:57.374"></status>
</kw>
<kw name="Sleep" library="BuiltIn">
<doc>Pauses the test executed for the given time.</doc>
<arguments>
<arg>2s</arg>
</arguments>
<msg timestamp="20200911 14:40:59.384" level="INFO">Slept 2 seconds</msg>
<status status="PASS" starttime="20200911 14:40:57.375" endtime="20200911 14:40:59.384"></status>
</kw>
<kw name="End Web Test" library="CommonWeb" type="teardown">
<kw name="Close Browser" library="SeleniumLibrary">
<doc>Closes the current browser.</doc>
<status status="PASS" starttime="20200911 14:40:59.385" endtime="20200911 14:41:01.554"></status>
</kw>
<status status="PASS" starttime="20200911 14:40:59.385" endtime="20200911 14:41:01.555"></status>
</kw>
<doc>The team page should have the correct header</doc>
<tags>
<tag>Smoke</tag>
</tags>
<status status="PASS" starttime="20200911 14:40:49.793" endtime="20200911 14:41:01.556" critical="yes"></status>
</test>
<doc>Scripting challenge suite</doc>
<status status="PASS" starttime="20200911 14:40:35.835" endtime="20200911 14:41:01.567"></status>
</suite>
<statistics>
<total>
<stat pass="2" fail="0">Critical Tests</stat>
<stat pass="2" fail="0">All Tests</stat>
</total>
<tag>
<stat pass="2" fail="0">Smoke</stat>
</tag>
<suite>
<stat pass="2" fail="0" id="s1" name="Client">Client</stat>
</suite>
</statistics>
<errors>
</errors>
</robot>
